{"message":"undefined - API Server Start At Port 3000","level":"info","timestamp":"2021-07-31 00:04:48"}
{"message":"undefined - API Server Start At Port 3000","level":"info","timestamp":"2021-07-31 00:06:16"}
{"message":"undefined - API Server Start At Port 3000","level":"info","timestamp":"2021-07-31 00:13:19"}
{"message":"undefined - API Server Start At Port 3000","level":"info","timestamp":"2021-07-31 00:14:08"}
{"message":"undefined - API Server Start At Port 3000","level":"info","timestamp":"2021-07-31 00:15:10"}
{"message":"undefined - API Server Start At Port 3000","level":"info","timestamp":"2021-07-31 00:21:08"}
{"message":"undefined - API Server Start At Port 3000","level":"info","timestamp":"2021-07-31 00:25:07"}
{"message":"undefined - API Server Start At Port 3000","level":"info","timestamp":"2021-07-31 00:30:23"}
{"message":"undefined - API Server Start At Port 3000","level":"info","timestamp":"2021-07-31 13:51:32"}
{"message":"undefined - API Server Start At Port 3000","level":"info","timestamp":"2021-07-31 13:55:18"}
{"message":"undefined - API Server Start At Port 3000","level":"info","timestamp":"2021-07-31 14:08:49"}
{"message":"undefined - API Server Start At Port 3000","level":"info","timestamp":"2021-07-31 14:14:29"}
{"message":"undefined - API Server Start At Port 3000","level":"info","timestamp":"2021-07-31 14:14:56"}
{"message":"undefined - API Server Start At Port 3000","level":"info","timestamp":"2021-07-31 14:16:42"}
{"message":"undefined - API Server Start At Port 3000","level":"info","timestamp":"2021-07-31 14:18:16"}
{"message":"undefined - API Server Start At Port 3000","level":"info","timestamp":"2021-07-31 14:18:34"}
{"message":"undefined - API Server Start At Port 3000","level":"info","timestamp":"2021-07-31 14:19:26"}
{"message":"App - updateReview Service error\n: You have an error in your SQL syntax; check the manual that corresponds to your MySQL server version for the right syntax to use near '?, imageUrl =?\n    where id = ?' at line 2","level":"error","timestamp":"2021-07-31 14:19:43"}
{"message":"undefined - API Server Start At Port 3000","level":"info","timestamp":"2021-07-31 14:24:39"}
{"message":"undefined - API Server Start At Port 3000","level":"info","timestamp":"2021-07-31 14:25:27"}
{"message":"undefined - API Server Start At Port 3000","level":"info","timestamp":"2021-07-31 14:27:38"}
{"message":"undefined - API Server Start At Port 3000","level":"info","timestamp":"2021-07-31 14:29:53"}
{"message":"undefined - API Server Start At Port 3000","level":"info","timestamp":"2021-07-31 14:34:02"}
{"message":"undefined - API Server Start At Port 3000","level":"info","timestamp":"2021-07-31 14:36:10"}
{"message":"undefined - API Server Start At Port 3000","level":"info","timestamp":"2021-07-31 16:05:16"}
{"message":"undefined - API Server Start At Port 3000","level":"info","timestamp":"2021-07-31 16:07:18"}
{"message":"undefined - API Server Start At Port 3000","level":"info","timestamp":"2021-07-31 16:57:15"}
{"message":"undefined - API Server Start At Port 3000","level":"info","timestamp":"2021-07-31 16:58:03"}
{"message":"undefined - API Server Start At Port 3000","level":"info","timestamp":"2021-07-31 16:58:19"}
{"message":"undefined - API Server Start At Port 3000","level":"info","timestamp":"2021-07-31 17:00:51"}
{"message":"undefined - API Server Start At Port 3000","level":"info","timestamp":"2021-07-31 17:02:08"}
{"message":"undefined - API Server Start At Port 3000","level":"info","timestamp":"2021-07-31 17:07:12"}
{"message":"undefined - API Server Start At Port 3000","level":"info","timestamp":"2021-07-31 17:07:59"}
{"message":"undefined - API Server Start At Port 3000","level":"info","timestamp":"2021-07-31 17:09:16"}
{"message":"undefined - API Server Start At Port 3000","level":"info","timestamp":"2021-07-31 17:09:39"}
{"message":"undefined - API Server Start At Port 3000","level":"info","timestamp":"2021-07-31 17:17:47"}
{"message":"undefined - API Server Start At Port 3000","level":"info","timestamp":"2021-07-31 17:18:03"}
{"message":"undefined - API Server Start At Port 3000","level":"info","timestamp":"2021-07-31 17:18:13"}
{"message":"undefined - API Server Start At Port 3000","level":"info","timestamp":"2021-07-31 17:18:22"}
{"message":"undefined - API Server Start At Port 3000","level":"info","timestamp":"2021-07-31 17:18:43"}
{"message":"undefined - API Server Start At Port 3000","level":"info","timestamp":"2021-07-31 17:20:25"}
{"message":"undefined - API Server Start At Port 3000","level":"info","timestamp":"2021-07-31 17:22:14"}
{"message":"undefined - API Server Start At Port 3000","level":"info","timestamp":"2021-07-31 17:22:39"}
{"message":"undefined - API Server Start At Port 3000","level":"info","timestamp":"2021-07-31 17:24:33"}
{"message":"undefined - API Server Start At Port 3000","level":"info","timestamp":"2021-07-31 17:26:01"}
{"message":"undefined - API Server Start At Port 3000","level":"info","timestamp":"2021-07-31 17:26:30"}
{"message":"undefined - API Server Start At Port 3000","level":"info","timestamp":"2021-07-31 17:27:12"}
{"message":"undefined - API Server Start At Port 3000","level":"info","timestamp":"2021-07-31 17:35:21"}
{"message":"undefined - API Server Start At Port 3000","level":"info","timestamp":"2021-07-31 17:36:22"}
{"message":"undefined - API Server Start At Port 3000","level":"info","timestamp":"2021-07-31 17:41:01"}
{"message":"undefined - API Server Start At Port 3000","level":"info","timestamp":"2021-07-31 17:43:24"}
{"message":"undefined - API Server Start At Port 3000","level":"info","timestamp":"2021-07-31 17:46:59"}
{"message":"undefined - API Server Start At Port 3000","level":"info","timestamp":"2021-07-31 17:47:53"}
{"message":"undefined - API Server Start At Port 3000","level":"info","timestamp":"2021-07-31 17:54:35"}
{"message":"undefined - API Server Start At Port 3000","level":"info","timestamp":"2021-07-31 17:55:34"}
{"message":"undefined - API Server Start At Port 3000","level":"info","timestamp":"2021-07-31 18:00:28"}
{"message":"undefined - API Server Start At Port 3000","level":"info","timestamp":"2021-07-31 18:05:53"}
{"message":"undefined - API Server Start At Port 3000","level":"info","timestamp":"2021-07-31 18:07:50"}
{"message":"undefined - API Server Start At Port 3000","level":"info","timestamp":"2021-07-31 18:09:13"}
{"message":"undefined - API Server Start At Port 3000","level":"info","timestamp":"2021-07-31 18:09:59"}
{"message":"undefined - API Server Start At Port 3000","level":"info","timestamp":"2021-07-31 18:11:23"}
{"message":"undefined - API Server Start At Port 3000","level":"info","timestamp":"2021-07-31 18:11:33"}
{"message":"undefined - API Server Start At Port 3000","level":"info","timestamp":"2021-07-31 18:16:22"}
{"message":"undefined - API Server Start At Port 3000","level":"info","timestamp":"2021-07-31 18:17:14"}
{"message":"undefined - API Server Start At Port 3000","level":"info","timestamp":"2021-07-31 18:17:44"}
{"message":"undefined - API Server Start At Port 3000","level":"info","timestamp":"2021-07-31 18:17:58"}
{"message":"undefined - API Server Start At Port 3000","level":"info","timestamp":"2021-07-31 18:18:24"}
{"message":"undefined - API Server Start At Port 3000","level":"info","timestamp":"2021-07-31 18:18:51"}
{"message":"undefined - API Server Start At Port 3000","level":"info","timestamp":"2021-07-31 18:19:08"}
{"message":"undefined - API Server Start At Port 3000","level":"info","timestamp":"2021-07-31 18:19:17"}
{"message":"undefined - API Server Start At Port 3000","level":"info","timestamp":"2021-07-31 18:19:22"}
{"message":"undefined - API Server Start At Port 3000","level":"info","timestamp":"2021-07-31 18:20:10"}
{"message":"undefined - API Server Start At Port 3000","level":"info","timestamp":"2021-07-31 18:20:19"}
{"message":"undefined - API Server Start At Port 3000","level":"info","timestamp":"2021-07-31 18:20:30"}
{"message":"undefined - API Server Start At Port 3000","level":"info","timestamp":"2021-07-31 18:20:37"}
{"message":"undefined - API Server Start At Port 3000","level":"info","timestamp":"2021-07-31 18:20:58"}
{"message":"undefined - API Server Start At Port 3000","level":"info","timestamp":"2021-07-31 18:21:48"}
{"message":"undefined - API Server Start At Port 3000","level":"info","timestamp":"2021-07-31 18:23:17"}
{"message":"undefined - API Server Start At Port 3000","level":"info","timestamp":"2021-07-31 18:23:53"}
{"message":"undefined - API Server Start At Port 3000","level":"info","timestamp":"2021-07-31 18:27:18"}
{"message":"undefined - API Server Start At Port 3000","level":"info","timestamp":"2021-07-31 18:34:54"}
{"message":"undefined - API Server Start At Port 3000","level":"info","timestamp":"2021-07-31 18:37:02"}
{"message":"undefined - API Server Start At Port 3000","level":"info","timestamp":"2021-07-31 18:38:09"}
{"message":"undefined - API Server Start At Port 3000","level":"info","timestamp":"2021-07-31 18:38:57"}
{"message":"App - addFavorites Service error\n: You have an error in your SQL syntax; check the manual that corresponds to your MySQL server version for the right syntax to use near '?)' at line 2","level":"error","timestamp":"2021-07-31 18:40:21"}
{"message":"undefined - API Server Start At Port 3000","level":"info","timestamp":"2021-07-31 18:41:36"}
{"message":"undefined - API Server Start At Port 3000","level":"info","timestamp":"2021-07-31 18:43:53"}
{"message":"undefined - API Server Start At Port 3000","level":"info","timestamp":"2021-07-31 18:47:13"}
{"message":"undefined - API Server Start At Port 3000","level":"info","timestamp":"2021-07-31 18:51:20"}
{"message":"undefined - API Server Start At Port 3000","level":"info","timestamp":"2021-07-31 18:53:20"}
{"message":"undefined - API Server Start At Port 3000","level":"info","timestamp":"2021-07-31 18:53:59"}
{"message":"undefined - API Server Start At Port 3000","level":"info","timestamp":"2021-07-31 19:55:59"}
{"message":"undefined - API Server Start At Port 3000","level":"info","timestamp":"2021-07-31 19:56:14"}
{"message":"App - addFavorites Service error\n: You have an error in your SQL syntax; check the manual that corresponds to your MySQL server version for the right syntax to use near '?)' at line 2","level":"error","timestamp":"2021-07-31 19:56:55"}
{"message":"undefined - API Server Start At Port 3000","level":"info","timestamp":"2021-07-31 19:58:59"}
{"message":"undefined - API Server Start At Port 3000","level":"info","timestamp":"2021-07-31 19:59:41"}
{"message":"App - addFavorites Service error\n: You have an error in your SQL syntax; check the manual that corresponds to your MySQL server version for the right syntax to use near '?)' at line 2","level":"error","timestamp":"2021-07-31 19:59:43"}
{"message":"undefined - API Server Start At Port 3000","level":"info","timestamp":"2021-07-31 20:02:26"}
{"message":"App - addFavorites Service error\n: You have an error in your SQL syntax; check the manual that corresponds to your MySQL server version for the right syntax to use near '?)' at line 2","level":"error","timestamp":"2021-07-31 20:02:29"}
{"message":"undefined - API Server Start At Port 3000","level":"info","timestamp":"2021-07-31 20:03:11"}
{"message":"App - addFavorites Service error\n: You have an error in your SQL syntax; check the manual that corresponds to your MySQL server version for the right syntax to use near '?)' at line 2","level":"error","timestamp":"2021-07-31 20:03:14"}
{"message":"undefined - API Server Start At Port 3000","level":"info","timestamp":"2021-07-31 20:05:28"}
{"message":"App - addFavorites Service error\n: You have an error in your SQL syntax; check the manual that corresponds to your MySQL server version for the right syntax to use near '?)' at line 2","level":"error","timestamp":"2021-07-31 20:05:46"}
{"message":"undefined - API Server Start At Port 3000","level":"info","timestamp":"2021-07-31 20:08:24"}
{"message":"App - addFavorites Service error\n: You have an error in your SQL syntax; check the manual that corresponds to your MySQL server version for the right syntax to use near '?)' at line 2","level":"error","timestamp":"2021-07-31 20:09:48"}
{"message":"undefined - API Server Start At Port 3000","level":"info","timestamp":"2021-07-31 20:11:13"}
{"message":"App - addFavorites Service error\n: You have an error in your SQL syntax; check the manual that corresponds to your MySQL server version for the right syntax to use near '?)' at line 2","level":"error","timestamp":"2021-07-31 20:11:15"}
{"message":"undefined - API Server Start At Port 3000","level":"info","timestamp":"2021-07-31 20:11:27"}
{"message":"App - addFavorites Service error\n: You have an error in your SQL syntax; check the manual that corresponds to your MySQL server version for the right syntax to use near '?)' at line 2","level":"error","timestamp":"2021-07-31 20:11:29"}
{"message":"undefined - API Server Start At Port 3000","level":"info","timestamp":"2021-07-31 20:12:33"}
{"message":"App - addFavorites Service error\n: You have an error in your SQL syntax; check the manual that corresponds to your MySQL server version for the right syntax to use near '?)' at line 2","level":"error","timestamp":"2021-07-31 20:12:35"}
{"message":"undefined - API Server Start At Port 3000","level":"info","timestamp":"2021-07-31 20:12:44"}
{"message":"App - addFavorites Service error\n: You have an error in your SQL syntax; check the manual that corresponds to your MySQL server version for the right syntax to use near '?)' at line 2","level":"error","timestamp":"2021-07-31 20:12:46"}
{"message":"undefined - API Server Start At Port 3000","level":"info","timestamp":"2021-07-31 20:13:25"}
{"message":"App - addFavorites Service error\n: You have an error in your SQL syntax; check the manual that corresponds to your MySQL server version for the right syntax to use near '?)' at line 2","level":"error","timestamp":"2021-07-31 20:13:27"}
{"message":"undefined - API Server Start At Port 3000","level":"info","timestamp":"2021-07-31 20:14:35"}
{"message":"undefined - API Server Start At Port 3000","level":"info","timestamp":"2021-07-31 20:16:57"}
{"message":"undefined - API Server Start At Port 3000","level":"info","timestamp":"2021-07-31 20:17:46"}
{"message":"undefined - API Server Start At Port 3000","level":"info","timestamp":"2021-07-31 20:29:27"}
{"message":"undefined - API Server Start At Port 3000","level":"info","timestamp":"2021-07-31 20:37:37"}
{"message":"undefined - API Server Start At Port 3000","level":"info","timestamp":"2021-07-31 20:39:22"}
{"message":"App - createUser Service error\n: Table 'RC_webservice.UserInfo' doesn't exist","level":"error","timestamp":"2021-07-31 20:39:29"}
{"message":"undefined - API Server Start At Port 3000","level":"info","timestamp":"2021-07-31 20:40:37"}
{"message":"undefined - API Server Start At Port 3000","level":"info","timestamp":"2021-07-31 20:40:53"}
{"message":"undefined - API Server Start At Port 3000","level":"info","timestamp":"2021-07-31 20:44:55"}
{"message":"App - createUser Service error\n: Table 'RC_webservice.UserInfo' doesn't exist","level":"error","timestamp":"2021-07-31 20:44:59"}
{"message":"undefined - API Server Start At Port 3000","level":"info","timestamp":"2021-07-31 20:45:57"}
{"message":"App - createUser Service error\n: Table 'RC_webservice.UserInfo' doesn't exist","level":"error","timestamp":"2021-07-31 20:46:04"}
{"message":"undefined - API Server Start At Port 3000","level":"info","timestamp":"2021-07-31 20:48:02"}
{"message":"undefined - API Server Start At Port 3000","level":"info","timestamp":"2021-07-31 20:50:43"}
{"message":"undefined - API Server Start At Port 3000","level":"info","timestamp":"2021-07-31 20:52:21"}
{"message":"undefined - API Server Start At Port 3000","level":"info","timestamp":"2021-07-31 20:53:50"}
{"message":"undefined - API Server Start At Port 3000","level":"info","timestamp":"2021-07-31 20:54:10"}
{"message":"App - createUser Service error\n: You have an error in your SQL syntax; check the manual that corresponds to your MySQL server version for the right syntax to use near '?)' at line 2","level":"error","timestamp":"2021-07-31 20:54:39"}
{"message":"undefined - API Server Start At Port 3000","level":"info","timestamp":"2021-07-31 20:56:39"}
{"message":"undefined - API Server Start At Port 3000","level":"info","timestamp":"2021-07-31 20:58:35"}
{"message":"App - createUser Service error\n: You have an error in your SQL syntax; check the manual that corresponds to your MySQL server version for the right syntax to use near '?)' at line 2","level":"error","timestamp":"2021-07-31 20:58:50"}
{"message":"undefined - API Server Start At Port 3000","level":"info","timestamp":"2021-07-31 20:59:09"}
{"message":"App - createUser Service error\n: You have an error in your SQL syntax; check the manual that corresponds to your MySQL server version for the right syntax to use near '?)' at line 2","level":"error","timestamp":"2021-07-31 20:59:12"}
{"message":"undefined - API Server Start At Port 3000","level":"info","timestamp":"2021-07-31 21:00:13"}
{"message":"undefined - API Server Start At Port 3000","level":"info","timestamp":"2021-07-31 21:05:45"}
{"message":"undefined - API Server Start At Port 3000","level":"info","timestamp":"2021-07-31 21:05:59"}
{"message":"undefined - API Server Start At Port 3000","level":"info","timestamp":"2021-07-31 21:06:05"}
{"message":"undefined - API Server Start At Port 3000","level":"info","timestamp":"2021-07-31 21:06:19"}
{"message":"undefined - API Server Start At Port 3000","level":"info","timestamp":"2021-07-31 21:06:24"}
{"message":"undefined - API Server Start At Port 3000","level":"info","timestamp":"2021-07-31 21:06:58"}
{"message":"undefined - API Server Start At Port 3000","level":"info","timestamp":"2021-07-31 21:29:09"}
{"message":"undefined - API Server Start At Port 3000","level":"info","timestamp":"2021-07-31 21:48:52"}
{"message":"undefined - API Server Start At Port 3000","level":"info","timestamp":"2021-07-31 21:56:08"}
{"message":"undefined - API Server Start At Port 3000","level":"info","timestamp":"2021-07-31 23:18:22"}
{"message":"undefined - API Server Start At Port 3000","level":"info","timestamp":"2021-07-31 23:25:12"}
{"message":"undefined - API Server Start At Port 3000","level":"info","timestamp":"2021-07-31 23:36:52"}
{"message":"undefined - API Server Start At Port 3000","level":"info","timestamp":"2021-07-31 23:37:57"}
{"message":"undefined - API Server Start At Port 3000","level":"info","timestamp":"2021-07-31 23:57:27"}
